<?xml version="1.0" encoding="UTF-8"?>
<testng-results ignored="0" total="1" passed="1" failed="0" skipped="0">
  <reporter-output>
  </reporter-output>
  <suite started-at="2022-11-02T13:38:57 CET" name="Default suite" finished-at="2022-11-02T13:39:20 CET" duration-ms="23040">
    <groups>
      <group name="cucumber">
        <method signature="AbstractTestNGCucumberTests.runScenario(io.cucumber.testng.PickleWrapper,io.cucumber.testng.FeatureWrapper)[pri:0, instance:Cucumber.TestNGTestRunner@cecf639]" name="runScenario" class="io.cucumber.testng.AbstractTestNGCucumberTests"/>
      </group> <!-- cucumber -->
    </groups>
    <test started-at="2022-11-02T13:38:57 CET" name="Default test" finished-at="2022-11-02T13:39:20 CET" duration-ms="23040">
      <class name="Cucumber.TestNGTestRunner">
        <test-method is-config="true" signature="setUpClass(org.testng.ITestContext)[pri:0, instance:Cucumber.TestNGTestRunner@cecf639]" started-at="2022-11-02T13:38:57 CET" name="setUpClass" finished-at="2022-11-02T13:38:58 CET" duration-ms="1305" status="PASS">
          <params>
            <param index="0">
              <value>
                <![CDATA[org.testng.TestRunner@4f081b5d]]>
              </value>
            </param>
          </params>
          <reporter-output>
          </reporter-output>
        </test-method> <!-- setUpClass -->
        <test-method signature="runScenario(io.cucumber.testng.PickleWrapper,io.cucumber.testng.FeatureWrapper)[pri:0, instance:Cucumber.TestNGTestRunner@cecf639]" started-at="2022-11-02T13:38:58 CET" name="runScenario" description="Runs Cucumber Scenarios" data-provider="scenarios" finished-at="2022-11-02T13:39:20 CET" duration-ms="21512" status="PASS">
          <params>
            <param index="0">
              <value>
                <![CDATA["Positive path of submiting the order and verifying the Orders is successfully submitted"]]>
              </value>
            </param>
            <param index="1">
              <value>
                <![CDATA["Purchase an order from the Ecommerce website"]]>
              </value>
            </param>
          </params>
          <reporter-output>
          </reporter-output>
        </test-method> <!-- runScenario -->
        <test-method is-config="true" signature="tearDownClass()[pri:0, instance:Cucumber.TestNGTestRunner@cecf639]" started-at="2022-11-02T13:39:20 CET" name="tearDownClass" finished-at="2022-11-02T13:39:20 CET" duration-ms="106" status="PASS">
          <reporter-output>
          </reporter-output>
        </test-method> <!-- tearDownClass -->
      </class> <!-- Cucumber.TestNGTestRunner -->
    </test> <!-- Default test -->
  </suite> <!-- Default suite -->
</testng-results>
