<?xml version="1.0" encoding="UTF-8"?>
<!-- Generated by org.testng.reporters.JUnitXMLReporter -->
<testsuite ignored="2" hostname="NTB-257" failures="0" tests="0" time="0.054" errors="0" timestamp="2022-11-23T13:28:18 CET">
  <testcase classname="Academy.Tests.E2ETCPO2" name="loginPublishLogoutTestCase" time="0.0">
    <ignored/>
  </testcase> <!-- loginPublishLogoutTestCase -->
  <testcase classname="Academy.Tests.E2ETCPO2" name="verifyingGlobalFeedTab" time="0.0">
    <ignored/>
  </testcase> <!-- verifyingGlobalFeedTab -->
</testsuite>
