<?xml version="1.0" encoding="UTF-8"?>
<!-- Generated by org.testng.reporters.JUnitXMLReporter -->
<testsuite ignored="0" hostname="NTB-257" failures="0" tests="4" name="LoginPublishLogout06" time="53.61" errors="0" timestamp="2022-11-24T15:09:02 CET">
  <testcase classname="Academy.Tests.E2ETCPO6" name="loginPublishLogoutTestCase" time="5.936"/>
  <testcase classname="Academy.Tests.E2ETCPO6" name="loginPublishLogoutTestCase" time="4.299"/>
  <testcase classname="Academy.Tests.E2ETCPO6" name="verifyingGlobalFeedTab" time="6.028"/>
  <testcase classname="Academy.Tests.E2ETCPO6" name="verifyingGlobalFeedTab" time="5.679"/>
</testsuite> <!-- LoginPublishLogout06 -->
