<?xml version="1.0" encoding="UTF-8"?>
<!-- Generated by org.testng.reporters.JUnitXMLReporter -->
<testsuite ignored="0" hostname="NTB-257" failures="2" tests="5" name="StandAloneTest163ErrorValidations" time="43.3" errors="0" timestamp="2022-10-17T12:27:18 CEST">
  <testcase classname="Academy.TestCases.StandAloneTest163ErrorValidations" name="productNotExisting" time="9.327"/>
  <testcase classname="Academy.TestCases.StandAloneTest163ErrorValidations" name="wrongEmailLogin" time="0.712">
    <skipped/>
  </testcase> <!-- wrongEmailLogin -->
  <testcase classname="Academy.TestCases.StandAloneTest163ErrorValidations" name="wrongEmailLogin" time="0.747">
    <failure type="java.lang.AssertionError" message="expected [Incorrect email or password JK.] but found [Incorrect email or password.]">
      <![CDATA[java.lang.AssertionError: expected [Incorrect email or password JK.] but found [Incorrect email or password.]
at Academy.TestCases.StandAloneTest163ErrorValidations.wrongEmailLogin(StandAloneTest163ErrorValidations.java:30)
at java.base/java.util.ArrayList.forEach(ArrayList.java:1541)
at java.base/java.util.concurrent.FutureTask.run(FutureTask.java:264)
at java.base/java.util.concurrent.ThreadPoolExecutor.runWorker(ThreadPoolExecutor.java:1128)
at java.base/java.util.concurrent.ThreadPoolExecutor$Worker.run(ThreadPoolExecutor.java:628)
at java.base/java.lang.Thread.run(Thread.java:834)
... Removed 23 stack frames]]>
    </failure>
  </testcase> <!-- wrongEmailLogin -->
  <testcase classname="Academy.TestCases.StandAloneTest163ErrorValidations" name="wrongEmailLoginTestRetryAllFailedTestcases" time="2.173">
    <skipped/>
  </testcase> <!-- wrongEmailLoginTestRetryAllFailedTestcases -->
  <testcase classname="Academy.TestCases.StandAloneTest163ErrorValidations" name="wrongEmailLoginTestRetryAllFailedTestcases" time="0.598">
    <failure type="java.lang.AssertionError" message="expected [Incorrect email or password JK01.] but found [Incorrect email or password.]">
      <![CDATA[java.lang.AssertionError: expected [Incorrect email or password JK01.] but found [Incorrect email or password.]
at Academy.TestCases.StandAloneTest163ErrorValidations.wrongEmailLoginTestRetryAllFailedTestcases(StandAloneTest163ErrorValidations.java:84)
at java.base/java.util.ArrayList.forEach(ArrayList.java:1541)
at java.base/java.util.concurrent.FutureTask.run(FutureTask.java:264)
at java.base/java.util.concurrent.ThreadPoolExecutor.runWorker(ThreadPoolExecutor.java:1128)
at java.base/java.util.concurrent.ThreadPoolExecutor$Worker.run(ThreadPoolExecutor.java:628)
at java.base/java.lang.Thread.run(Thread.java:834)
... Removed 23 stack frames]]>
    </failure>
  </testcase> <!-- wrongEmailLoginTestRetryAllFailedTestcases -->
</testsuite> <!-- StandAloneTest163ErrorValidations -->
