<?xml version="1.0" encoding="UTF-8"?>
<!-- Generated by org.testng.reporters.JUnitXMLReporter -->
<testsuite ignored="0" hostname="NTB-257" failures="0" tests="3" name="StandAloneTest163" time="40.769" errors="0" timestamp="2022-10-17T12:27:16 CEST">
  <testcase classname="Academy.TestCases.StandAloneTest163" name="submitOrderE2E" time="10.809"/>
  <testcase classname="Academy.TestCases.StandAloneTest163" name="submitOrderE2E" time="11.121"/>
  <testcase classname="Academy.TestCases.StandAloneTest163" name="OrderHistoryTest" time="1.011"/>
</testsuite> <!-- StandAloneTest163 -->
