<?xml version="1.0" encoding="UTF-8"?>
<!-- Generated by org.testng.reporters.JUnitXMLReporter -->
<testsuite ignored="2" hostname="NTB-257" failures="0" tests="0" time="0.062" errors="0" timestamp="2022-11-02T12:07:49 CET">
  <testcase classname="Academy.Tests.StandAloneTestAGAIN162ErrorValidations" name="loginErrorTestCase" time="0.0">
    <ignored/>
  </testcase> <!-- loginErrorTestCase -->
  <testcase classname="Academy.Tests.StandAloneTestAGAIN162ErrorValidations" name="productErrorTestCase" time="0.0">
    <ignored/>
  </testcase> <!-- productErrorTestCase -->
</testsuite>
