<?xml version="1.0" encoding="UTF-8"?>
<!-- Generated by org.testng.reporters.JUnitXMLReporter -->
<testsuite ignored="2" hostname="NTB-257" failures="0" tests="1" name="Submit Order Test" time="22.928" errors="0" timestamp="2022-11-02T12:08:12 CET">
  <testcase classname="Academy.Tests.StandAloneTestAGAIN168" name="submitOrderTestCaseJK" time="11.555"/>
  <testcase classname="Academy.Tests.StandAloneTestAGAIN168" name="submitOrderTestCase" time="0.0">
    <ignored/>
  </testcase> <!-- submitOrderTestCase -->
  <testcase classname="Academy.Tests.StandAloneTestAGAIN168" name="OrderHistoryTestCase" time="0.0">
    <ignored/>
  </testcase> <!-- OrderHistoryTestCase -->
</testsuite> <!-- Submit Order Test -->
