<?xml version="1.0" encoding="UTF-8"?>
<testng-results ignored="0" total="1" passed="1" failed="0" skipped="0">
  <reporter-output>
  </reporter-output>
  <suite started-at="2022-10-17T12:36:48 CEST" name="Surefire suite" finished-at="2022-10-17T12:36:58 CEST" duration-ms="9633">
    <groups>
      <group name="cucumber">
        <method signature="AbstractTestNGCucumberTests.runScenario(io.cucumber.testng.PickleWrapper,io.cucumber.testng.FeatureWrapper)[pri:0, instance:Academy.Cucumber.TestNGTestRunner@66f57048]" name="runScenario" class="io.cucumber.testng.AbstractTestNGCucumberTests"/>
      </group> <!-- cucumber -->
    </groups>
    <test started-at="2022-10-17T12:36:48 CEST" name="Surefire test" finished-at="2022-10-17T12:36:58 CEST" duration-ms="9633">
      <class name="Academy.Cucumber.TestNGTestRunner">
        <test-method is-config="true" signature="setUpClass(org.testng.ITestContext)[pri:0, instance:Academy.Cucumber.TestNGTestRunner@66f57048]" started-at="2022-10-17T12:36:48 CEST" name="setUpClass" finished-at="2022-10-17T12:36:49 CEST" duration-ms="976" status="PASS">
          <params>
            <param index="0">
              <value>
                <![CDATA[org.testng.TestRunner@78a8978a]]>
              </value>
            </param>
          </params>
          <reporter-output>
          </reporter-output>
        </test-method> <!-- setUpClass -->
        <test-method signature="runScenario(io.cucumber.testng.PickleWrapper,io.cucumber.testng.FeatureWrapper)[pri:0, instance:Academy.Cucumber.TestNGTestRunner@66f57048]" started-at="2022-10-17T12:36:49 CEST" name="runScenario" description="Runs Cucumber Scenarios" data-provider="scenarios" finished-at="2022-10-17T12:36:57 CEST" duration-ms="8392" status="PASS">
          <params>
            <param index="0">
              <value>
                <![CDATA["Positive path of submiting the order"]]>
              </value>
            </param>
            <param index="1">
              <value>
                <![CDATA["Error validation"]]>
              </value>
            </param>
          </params>
          <reporter-output>
          </reporter-output>
        </test-method> <!-- runScenario -->
        <test-method is-config="true" signature="tearDownClass()[pri:0, instance:Academy.Cucumber.TestNGTestRunner@66f57048]" started-at="2022-10-17T12:36:57 CEST" name="tearDownClass" finished-at="2022-10-17T12:36:58 CEST" duration-ms="97" status="PASS">
          <reporter-output>
          </reporter-output>
        </test-method> <!-- tearDownClass -->
      </class> <!-- Academy.Cucumber.TestNGTestRunner -->
    </test> <!-- Surefire test -->
  </suite> <!-- Surefire suite -->
</testng-results>
