<?xml version="1.0" encoding="UTF-8"?>
<!-- Generated by org.testng.reporters.JUnitXMLReporter -->
<testsuite ignored="2" hostname="NTB-257" failures="0" tests="1" name="Submit Order Test" time="23.513" errors="0" timestamp="2022-11-02T13:35:19 CET">
  <testcase classname="Academy.Tests.StandAloneTestAGAIN168" name="submitOrderTestCaseJK" time="12.601"/>
  <testcase classname="Academy.Tests.StandAloneTestAGAIN168" name="OrderHistoryTestCase" time="0.0">
    <ignored/>
  </testcase> <!-- OrderHistoryTestCase -->
  <testcase classname="Academy.Tests.StandAloneTestAGAIN168" name="submitOrderTestCase" time="0.0">
    <ignored/>
  </testcase> <!-- submitOrderTestCase -->
</testsuite> <!-- Submit Order Test -->
