<?xml version="1.0" encoding="UTF-8"?>
<!-- Generated by org.testng.reporters.JUnitXMLReporter -->
<testsuite ignored="1" hostname="NTB-257" failures="0" tests="2" name="LoginPublishLogout04" time="17.273" errors="0" timestamp="2022-11-16T11:58:28 CET">
  <testcase classname="Academy.Tests.E2ETCPO4" name="loginPublishLogoutTestCase" time="4.194"/>
  <testcase classname="Academy.Tests.E2ETCPO4" name="loginPublishLogoutTestCase" time="3.918"/>
  <testcase classname="Academy.Tests.E2ETCPO4" name="verifyingGlobalFeedTab" time="0.0">
    <ignored/>
  </testcase> <!-- verifyingGlobalFeedTab -->
</testsuite> <!-- LoginPublishLogout04 -->
