<?xml version="1.0" encoding="UTF-8"?>
<!-- Generated by org.testng.reporters.JUnitXMLReporter -->
<testsuite ignored="1" hostname="NTB-257" failures="0" tests="2" name="LoginPublishLogout03" time="29.392" errors="0" timestamp="2022-11-16T11:20:31 CET">
  <testcase classname="Academy.Tests.E2ETCPO3" name="loginPublishLogoutTestCase" time="8.949"/>
  <testcase classname="Academy.Tests.E2ETCPO3" name="loginPublishLogoutTestCase" time="8.066"/>
  <testcase classname="Academy.Tests.E2ETCPO3" name="verifyingGlobalFeedTab" time="0.0">
    <ignored/>
  </testcase> <!-- verifyingGlobalFeedTab -->
</testsuite> <!-- LoginPublishLogout03 -->
