<?xml version="1.0" encoding="UTF-8"?>
<!-- Generated by org.testng.reporters.JUnitXMLReporter -->
<testsuite ignored="0" hostname="NTB-257" failures="0" tests="4" name="LoginPublishLogout05" time="46.513" errors="0" timestamp="2022-11-16T16:26:27 CET">
  <testcase classname="Academy.Tests.E2ETCPO5" name="loginPublishLogoutTestCase" time="7.045"/>
  <testcase classname="Academy.Tests.E2ETCPO5" name="loginPublishLogoutTestCase" time="6.484"/>
  <testcase classname="Academy.Tests.E2ETCPO5" name="verifyingGlobalFeedTab" time="4.606">
    <skipped/>
  </testcase> <!-- verifyingGlobalFeedTab -->
  <testcase classname="Academy.Tests.E2ETCPO5" name="verifyingGlobalFeedTab" time="8.496"/>
</testsuite> <!-- LoginPublishLogout05 -->
