<?xml version="1.0" encoding="UTF-8"?>
<testng-results ignored="0" total="2" passed="2" failed="0" skipped="0">
  <reporter-output>
  </reporter-output>
  <suite started-at="2023-04-18T15:37:21 CEST" name="Default suite" finished-at="2023-04-18T15:37:51 CEST" duration-ms="30049">
    <groups>
      <group name="cucumber">
        <method signature="AbstractTestNGCucumberTests.runScenario(io.cucumber.testng.PickleWrapper,io.cucumber.testng.FeatureWrapper)[pri:0, instance:Academy.Options.TestRunner@1ffaf86]" name="runScenario" class="io.cucumber.testng.AbstractTestNGCucumberTests"/>
      </group> <!-- cucumber -->
    </groups>
    <test started-at="2023-04-18T15:37:21 CEST" name="Default test" finished-at="2023-04-18T15:37:51 CEST" duration-ms="30049">
      <class name="Academy.Options.TestRunner">
        <test-method is-config="true" signature="setUpClass(org.testng.ITestContext)[pri:0, instance:Academy.Options.TestRunner@1ffaf86]" started-at="2023-04-18T15:37:22 CEST" name="setUpClass" finished-at="2023-04-18T15:37:24 CEST" duration-ms="1917" status="PASS">
          <params>
            <param index="0">
              <value>
                <![CDATA[org.testng.TestRunner@343db2f6]]>
              </value>
            </param>
          </params>
          <reporter-output>
          </reporter-output>
        </test-method> <!-- setUpClass -->
        <test-method signature="runScenario(io.cucumber.testng.PickleWrapper,io.cucumber.testng.FeatureWrapper)[pri:0, instance:Academy.Options.TestRunner@1ffaf86]" started-at="2023-04-18T15:37:24 CEST" name="runScenario" description="Runs Cucumber Scenarios" data-provider="scenarios" finished-at="2023-04-18T15:37:47 CEST" duration-ms="23196" status="PASS">
          <params>
            <param index="0">
              <value>
                <![CDATA["Verify the AddPlace functionality is working as expected"]]>
              </value>
            </param>
            <param index="1">
              <value>
                <![CDATA["Validating Place APIs"]]>
              </value>
            </param>
          </params>
          <reporter-output>
          </reporter-output>
        </test-method> <!-- runScenario -->
        <test-method signature="runScenario(io.cucumber.testng.PickleWrapper,io.cucumber.testng.FeatureWrapper)[pri:0, instance:Academy.Options.TestRunner@1ffaf86]" started-at="2023-04-18T15:37:47 CEST" name="runScenario" description="Runs Cucumber Scenarios" data-provider="scenarios" finished-at="2023-04-18T15:37:50 CEST" duration-ms="2622" status="PASS">
          <params>
            <param index="0">
              <value>
                <![CDATA["Verify the DeletePlace functionality is working as expected"]]>
              </value>
            </param>
            <param index="1">
              <value>
                <![CDATA["Validating Place APIs"]]>
              </value>
            </param>
          </params>
          <reporter-output>
          </reporter-output>
        </test-method> <!-- runScenario -->
        <test-method is-config="true" signature="tearDownClass()[pri:0, instance:Academy.Options.TestRunner@1ffaf86]" started-at="2023-04-18T15:37:50 CEST" name="tearDownClass" finished-at="2023-04-18T15:37:51 CEST" duration-ms="1852" status="PASS">
          <reporter-output>
          </reporter-output>
        </test-method> <!-- tearDownClass -->
      </class> <!-- Academy.Options.TestRunner -->
    </test> <!-- Default test -->
  </suite> <!-- Default suite -->
</testng-results>
