<?xml version="1.0" encoding="UTF-8"?>
<!-- Generated by org.testng.reporters.JUnitXMLReporter -->
<testsuite ignored="0" hostname="NTB-257" failures="0" tests="3" name="StandAloneTest163" time="50.064" errors="0" timestamp="2022-10-12T19:08:30 CEST">
  <testcase classname="Academy.TestCases.StandAloneTest163" name="submitOrderE2E" time="11.791"/>
  <testcase classname="Academy.TestCases.StandAloneTest163" name="submitOrderE2E" time="11.617"/>
  <testcase classname="Academy.TestCases.StandAloneTest163" name="OrderHistoryTest" time="1.508"/>
</testsuite> <!-- StandAloneTest163 -->
