<?xml version="1.0" encoding="UTF-8"?>
<testng-results ignored="0" total="1" passed="1" failed="0" skipped="0">
  <reporter-output>
  </reporter-output>
  <suite started-at="2022-08-05T14:15:55 CEST" name="Default suite" finished-at="2022-08-05T14:16:01 CEST" duration-ms="5944">
    <groups>
    </groups>
    <test started-at="2022-08-05T14:15:55 CEST" name="Default test" finished-at="2022-08-05T14:16:01 CEST" duration-ms="5944">
      <class name="UsingPOJOwithTestNG65">
        <test-method signature="myMethod()[pri:0, instance:UsingPOJOwithTestNG65@201a4587]" started-at="2022-08-05T14:15:55 CEST" name="myMethod" finished-at="2022-08-05T14:16:01 CEST" duration-ms="5869" status="PASS">
          <reporter-output>
          </reporter-output>
        </test-method> <!-- myMethod -->
      </class> <!-- UsingPOJOwithTestNG65 -->
    </test> <!-- Default test -->
  </suite> <!-- Default suite -->
</testng-results>
