<?xml version="1.0" encoding="UTF-8"?>
<testng-results ignored="0" total="2" passed="2" failed="0" skipped="0">
  <reporter-output>
  </reporter-output>
  <suite started-at="2022-11-01T16:53:30 CET" name="Default suite" finished-at="2022-11-01T16:53:53 CET" duration-ms="23245">
    <groups>
      <group name="cucumber">
        <method signature="AbstractTestNGCucumberTests.runScenario(io.cucumber.testng.PickleWrapper,io.cucumber.testng.FeatureWrapper)[pri:0, instance:Academy.Cucumber.TestNGTestRunner@4082ba93]" name="runScenario" class="io.cucumber.testng.AbstractTestNGCucumberTests"/>
      </group> <!-- cucumber -->
    </groups>
    <test started-at="2022-11-01T16:53:30 CET" name="Default test" finished-at="2022-11-01T16:53:53 CET" duration-ms="23245">
      <class name="Academy.Cucumber.TestNGTestRunner">
        <test-method is-config="true" signature="setUpClass(org.testng.ITestContext)[pri:0, instance:Academy.Cucumber.TestNGTestRunner@4082ba93]" started-at="2022-11-01T16:53:30 CET" name="setUpClass" finished-at="2022-11-01T16:53:31 CET" duration-ms="1099" status="PASS">
          <params>
            <param index="0">
              <value>
                <![CDATA[org.testng.TestRunner@6f91fbda]]>
              </value>
            </param>
          </params>
          <reporter-output>
          </reporter-output>
        </test-method> <!-- setUpClass -->
        <test-method signature="runScenario(io.cucumber.testng.PickleWrapper,io.cucumber.testng.FeatureWrapper)[pri:0, instance:Academy.Cucumber.TestNGTestRunner@4082ba93]" started-at="2022-11-01T16:53:31 CET" name="runScenario" description="Runs Cucumber Scenarios" data-provider="scenarios" finished-at="2022-11-01T16:53:39 CET" duration-ms="7388" status="PASS">
          <params>
            <param index="0">
              <value>
                <![CDATA["Positive path of submiting the order"]]>
              </value>
            </param>
            <param index="1">
              <value>
                <![CDATA["Error validation"]]>
              </value>
            </param>
          </params>
          <reporter-output>
          </reporter-output>
        </test-method> <!-- runScenario -->
        <test-method signature="runScenario(io.cucumber.testng.PickleWrapper,io.cucumber.testng.FeatureWrapper)[pri:0, instance:Academy.Cucumber.TestNGTestRunner@4082ba93]" started-at="2022-11-01T16:53:39 CET" name="runScenario" description="Runs Cucumber Scenarios" data-provider="scenarios" finished-at="2022-11-01T16:53:53 CET" duration-ms="14559" status="PASS">
          <params>
            <param index="0">
              <value>
                <![CDATA["Positive path of submiting the order"]]>
              </value>
            </param>
            <param index="1">
              <value>
                <![CDATA["Purchase an order from the Ecommerce website"]]>
              </value>
            </param>
          </params>
          <reporter-output>
          </reporter-output>
        </test-method> <!-- runScenario -->
        <test-method is-config="true" signature="tearDownClass()[pri:0, instance:Academy.Cucumber.TestNGTestRunner@4082ba93]" started-at="2022-11-01T16:53:53 CET" name="tearDownClass" finished-at="2022-11-01T16:53:53 CET" duration-ms="94" status="PASS">
          <reporter-output>
          </reporter-output>
        </test-method> <!-- tearDownClass -->
      </class> <!-- Academy.Cucumber.TestNGTestRunner -->
    </test> <!-- Default test -->
  </suite> <!-- Default suite -->
</testng-results>
